  Server.cpp
D:\Study\3 Курс 1 семерст\КСКС\Lr_2\Server\Server\Server.cpp(47,63): warning C4244: аргумент: преобразование "int" в "float", возможна потеря данных
D:\Study\3 Курс 1 семерст\КСКС\Lr_2\Server\Server\Server.cpp(47,42): warning C4244: аргумент: преобразование "int" в "float", возможна потеря данных
D:\Study\3 Курс 1 семерст\КСКС\Lr_2\Server\Server\Server.cpp(53,80): warning C4244: аргумент: преобразование "int" в "T", возможна потеря данных
          with
          [
              T=float
          ]
D:\Study\3 Курс 1 семерст\КСКС\Lr_2\Server\Server\Server.cpp(53,59): warning C4244: аргумент: преобразование "int" в "T", возможна потеря данных
          with
          [
              T=float
          ]
D:\Study\3 Курс 1 семерст\КСКС\Lr_2\Server\Server\Server.cpp(54,78): warning C4244: аргумент: преобразование "int" в "T", возможна потеря данных
          with
          [
              T=float
          ]
D:\Study\3 Курс 1 семерст\КСКС\Lr_2\Server\Server\Server.cpp(54,58): warning C4244: аргумент: преобразование "int" в "T", возможна потеря данных
          with
          [
              T=float
          ]
D:\Study\3 Курс 1 семерст\КСКС\Lr_2\Server\Server\Server.cpp(60,51): warning C4244: аргумент: преобразование "int" в "T", возможна потеря данных
          with
          [
              T=float
          ]
D:\Study\3 Курс 1 семерст\КСКС\Lr_2\Server\Server\Server.cpp(60,41): warning C4244: аргумент: преобразование "int" в "T", возможна потеря данных
          with
          [
              T=float
          ]
D:\Study\3 Курс 1 семерст\КСКС\Lr_2\Server\Server\Server.cpp(61,67): warning C4244: аргумент: преобразование "int" в "float", возможна потеря данных
D:\Study\3 Курс 1 семерст\КСКС\Lr_2\Server\Server\Server.cpp(61,46): warning C4244: аргумент: преобразование "int" в "float", возможна потеря данных
D:\Study\3 Курс 1 семерст\КСКС\Lr_2\Server\Server\Server.cpp(69,51): warning C4244: аргумент: преобразование "int" в "T", возможна потеря данных
          with
          [
              T=float
          ]
D:\Study\3 Курс 1 семерст\КСКС\Lr_2\Server\Server\Server.cpp(69,41): warning C4244: аргумент: преобразование "int" в "T", возможна потеря данных
          with
          [
              T=float
          ]
D:\Study\3 Курс 1 семерст\КСКС\Lr_2\Server\Server\Server.cpp(70,67): warning C4244: аргумент: преобразование "int" в "float", возможна потеря данных
D:\Study\3 Курс 1 семерст\КСКС\Lr_2\Server\Server\Server.cpp(70,46): warning C4244: аргумент: преобразование "int" в "float", возможна потеря данных
D:\Study\3 Курс 1 семерст\КСКС\Lr_2\Server\Server\Server.cpp(75,34): warning C4244: аргумент: преобразование "int" в "float", возможна потеря данных
D:\Study\3 Курс 1 семерст\КСКС\Lr_2\Server\Server\Server.cpp(81,65): warning C4244: аргумент: преобразование "int" в "float", возможна потеря данных
D:\Study\3 Курс 1 семерст\КСКС\Lr_2\Server\Server\Server.cpp(81,44): warning C4244: аргумент: преобразование "int" в "float", возможна потеря данных
D:\Study\3 Курс 1 семерст\КСКС\Lr_2\Server\Server\Server.cpp(85,34): warning C4244: аргумент: преобразование "int" в "float", возможна потеря данных
D:\Study\3 Курс 1 семерст\КСКС\Lr_2\Server\Server\Server.cpp(89,65): warning C4244: аргумент: преобразование "int" в "float", возможна потеря данных
D:\Study\3 Курс 1 семерст\КСКС\Lr_2\Server\Server\Server.cpp(89,44): warning C4244: аргумент: преобразование "int" в "float", возможна потеря данных
D:\Study\3 Курс 1 семерст\КСКС\Lr_2\Server\Server\Server.cpp(94,31): warning C4244: аргумент: преобразование "int" в "float", возможна потеря данных
D:\Study\3 Курс 1 семерст\КСКС\Lr_2\Server\Server\Server.cpp(98,71): warning C4244: аргумент: преобразование "int" в "float", возможна потеря данных
D:\Study\3 Курс 1 семерст\КСКС\Lr_2\Server\Server\Server.cpp(98,50): warning C4244: аргумент: преобразование "int" в "float", возможна потеря данных
D:\Study\3 Курс 1 семерст\КСКС\Lr_2\Server\Server\Server.cpp(103,31): warning C4244: аргумент: преобразование "int" в "float", возможна потеря данных
D:\Study\3 Курс 1 семерст\КСКС\Lr_2\Server\Server\Server.cpp(105,71): warning C4244: аргумент: преобразование "int" в "float", возможна потеря данных
D:\Study\3 Курс 1 семерст\КСКС\Lr_2\Server\Server\Server.cpp(105,50): warning C4244: аргумент: преобразование "int" в "float", возможна потеря данных
D:\Study\3 Курс 1 семерст\КСКС\Lr_2\Server\Server\Server.cpp(109,78): warning C4244: аргумент: преобразование "int" в "T", возможна потеря данных
          with
          [
              T=float
          ]
D:\Study\3 Курс 1 семерст\КСКС\Lr_2\Server\Server\Server.cpp(109,68): warning C4244: аргумент: преобразование "int" в "T", возможна потеря данных
          with
          [
              T=float
          ]
D:\Study\3 Курс 1 семерст\КСКС\Lr_2\Server\Server\Server.cpp(109,90): warning C4244: аргумент: преобразование "int" в "float", возможна потеря данных
D:\Study\3 Курс 1 семерст\КСКС\Lr_2\Server\Server\Server.cpp(113,80): warning C4244: аргумент: преобразование "int" в "float", возможна потеря данных
D:\Study\3 Курс 1 семерст\КСКС\Lr_2\Server\Server\Server.cpp(113,59): warning C4244: аргумент: преобразование "int" в "float", возможна потеря данных
D:\Study\3 Курс 1 семерст\КСКС\Lr_2\Server\Server\Server.cpp(117,78): warning C4244: аргумент: преобразование "int" в "T", возможна потеря данных
          with
          [
              T=float
          ]
D:\Study\3 Курс 1 семерст\КСКС\Lr_2\Server\Server\Server.cpp(117,68): warning C4244: аргумент: преобразование "int" в "T", возможна потеря данных
          with
          [
              T=float
          ]
D:\Study\3 Курс 1 семерст\КСКС\Lr_2\Server\Server\Server.cpp(117,90): warning C4244: аргумент: преобразование "int" в "float", возможна потеря данных
D:\Study\3 Курс 1 семерст\КСКС\Lr_2\Server\Server\Server.cpp(119,80): warning C4244: аргумент: преобразование "int" в "float", возможна потеря данных
D:\Study\3 Курс 1 семерст\КСКС\Lr_2\Server\Server\Server.cpp(119,59): warning C4244: аргумент: преобразование "int" в "float", возможна потеря данных
D:\Study\3 Курс 1 семерст\КСКС\Lr_2\Server\Server\Server.cpp(132,69): warning C4244: аргумент: преобразование "int" в "float", возможна потеря данных
D:\Study\3 Курс 1 семерст\КСКС\Lr_2\Server\Server\Server.cpp(132,48): warning C4244: аргумент: преобразование "int" в "float", возможна потеря данных
  Server.vcxproj -> D:\Study\3 Курс 1 семерст\КСКС\Lr_2\Server\Debug\Server.exe
